#
# There is insufficient memory for the Java Runtime Environment to continue.
# Native memory allocation (mmap) failed to map 257949696 bytes for G1 virtual space
# Possible reasons:
#   The system is out of physical RAM or swap space
#   The process is running with CompressedOops enabled, and the Java Heap may be blocking the growth of the native heap
# Possible solutions:
#   Reduce memory load on the system
#   Increase physical memory or swap space
#   Check if swap backing store is full
#   Decrease Java heap size (-Xmx/-Xms)
#   Decrease number of Java threads
#   Decrease Java thread stack sizes (-Xss)
#   Set larger code cache with -XX:ReservedCodeCacheSize=
#   JVM is running with Zero Based Compressed Oops mode in which the Java heap is
#     placed in the first 32GB address space. The Java Heap base address is the
#     maximum limit for the native heap growth. Please use -XX:HeapBaseMinAddress
#     to set the Java Heap base and to place the Java Heap above 32GB virtual address.
# This output file may be truncated or incomplete.
#
#  Out of Memory Error (os_windows.cpp:3527), pid=14960, tid=6352
#
# JRE version:  (19.0.1+10) (build )
# Java VM: Java HotSpot(TM) 64-Bit Server VM (19.0.1+10-21, mixed mode, sharing, tiered, compressed oops, compressed class ptrs, g1 gc, windows-amd64)
# No core dump will be written. Minidumps are not enabled by default on client versions of Windows
#

---------------  S U M M A R Y ------------

Command Line: -Dfile.encoding=UTF-8 -XX:+ShowCodeDetailsInExceptionMessages com.masemoel.hibernate.adattema3_2explicacion.App

Host: AMD Ryzen 7 5800H with Radeon Graphics         , 16 cores, 15G,  Windows 11 , 64 bit Build 22621 (10.0.22621.1105)
Time: Fri Jan 20 19:54:32 2023 Hora estándar romance elapsed time: 0.020887 seconds (0d 0h 0m 0s)

---------------  T H R E A D  ---------------

Current thread (0x0000028771db8cb0):  JavaThread "Unknown thread" [_thread_in_vm, id=6352, stack(0x000000b3f7000000,0x000000b3f7100000)]

Stack: [0x000000b3f7000000,0x000000b3f7100000]
Native frames: (J=compiled Java code, j=interpreted, Vv=VM code, C=native code)
V  [jvm.dll+0x6ee8fa]
V  [jvm.dll+0x857a1e]
V  [jvm.dll+0x85940e]
V  [jvm.dll+0x859ac3]
V  [jvm.dll+0x28291f]
V  [jvm.dll+0x6eb6e9]
V  [jvm.dll+0x6e028a]
V  [jvm.dll+0x357136]
V  [jvm.dll+0x35eb96]
V  [jvm.dll+0x3b555e]
V  [jvm.dll+0x3b578f]
V  [jvm.dll+0x32c6ea]
V  [jvm.dll+0x32d59e]
V  [jvm.dll+0x821b20]
V  [jvm.dll+0x3c27c1]
V  [jvm.dll+0x8022f1]
V  [jvm.dll+0x44b30f]
V  [jvm.dll+0x44cc91]
C  [jli.dll+0x5287]
C  [ucrtbase.dll+0x29363]
C  [KERNEL32.DLL+0x126bd]
C  [ntdll.dll+0x5dfb8]


---------------  P R O C E S S  ---------------

Threads class SMR info:
_java_thread_list=0x00007ffe06b0d048, length=0, elements={
}

Java Threads: ( => current thread )

Other Threads:
  0x0000028771e2ba20 WorkerThread "GC Thread#0" [stack: 0x000000b3f7100000,0x000000b3f7200000] [id=3940]
  0x0000028771e3c8b0 ConcurrentGCThread "G1 Main Marker" [stack: 0x000000b3f7200000,0x000000b3f7300000] [id=7424]
  0x0000028771e3d1e0 WorkerThread "G1 Conc#0" [stack: 0x000000b3f7300000,0x000000b3f7400000] [id=17368]

[error occurred during error reporting (printing all threads), id 0xc0000005, EXCEPTION_ACCESS_VIOLATION (0xc0000005) at pc=0x00007ffe062cd127]

VM state: not at safepoint (not fully initialized)

VM Mutex/Monitor currently owned by a thread:  ([mutex/lock_event])
[0x0000028771db5e50] Heap_lock - owner thread: 0x0000028771db8cb0

Heap address: 0x000000070a600000, size: 3930 MB, Compressed Oops mode: Zero based, Oop shift amount: 3

CDS archive(s) mapped at: [0x0000000000000000-0x0000000000000000-0x0000000000000000), size 0, SharedBaseAddress: 0x0000000800000000, ArchiveRelocationMode: 0.
Narrow klass base: 0x0000000000000000, Narrow klass shift: 0, Narrow klass range: 0x0

GC Precious Log:
 CardTable entry size: 512
 Card Set container configuration: InlinePtr #cards 4 size 8 Array Of Cards #cards 16 size 48 Howl #buckets 8 coarsen threshold 3686 Howl Bitmap #cards 512 size 80 coarsen threshold 460 Card regions per heap region 1 cards per card region 4096

Heap:
 garbage-first heap   total 0K, used 0K [0x000000070a600000, 0x0000000800000000)
  region size 2048K, 0 young (0K), 0 survivors (0K)

[error occurred during error reporting (printing heap information), id 0xc0000005, EXCEPTION_ACCESS_VIOLATION (0xc0000005) at pc=0x00007ffe066d6959]

GC Heap History (0 events):
No events

Dll operation events (1 events):
Event: 0.007 Loaded shared library C:\Program Files\Java\jdk-19\bin\java.dll

Deoptimization events (0 events):
No events

Classes loaded (0 events):
No events

Classes unloaded (0 events):
No events

Classes redefined (0 events):
No events

Internal exceptions (0 events):
No events

VM Operations (0 events):
No events

Events (0 events):
No events


Dynamic libraries:
0x00007ff69d540000 - 0x00007ff69d550000 	C:\Program Files\Java\jdk-19\bin\javaw.exe
0x00007ffe5b3b0000 - 0x00007ffe5b5c4000 	C:\Windows\SYSTEM32\ntdll.dll
0x00007ffe5a740000 - 0x00007ffe5a803000 	C:\Windows\System32\KERNEL32.DLL
0x00007ffe58a30000 - 0x00007ffe58dcd000 	C:\Windows\System32\KERNELBASE.dll
0x00007ffe58fe0000 - 0x00007ffe590f1000 	C:\Windows\System32\ucrtbase.dll
0x00007ffe53240000 - 0x00007ffe5325b000 	C:\Program Files\Java\jdk-19\bin\VCRUNTIME140.dll
0x00007ffe54620000 - 0x00007ffe54638000 	C:\Program Files\Java\jdk-19\bin\jli.dll
0x00007ffe591c0000 - 0x00007ffe5926e000 	C:\Windows\System32\ADVAPI32.dll
0x00007ffe5af20000 - 0x00007ffe5afc7000 	C:\Windows\System32\msvcrt.dll
0x00007ffe59300000 - 0x00007ffe593a4000 	C:\Windows\System32\sechost.dll
0x00007ffe5a820000 - 0x00007ffe5a935000 	C:\Windows\System32\RPCRT4.dll
0x00007ffe5aa80000 - 0x00007ffe5ac2d000 	C:\Windows\System32\USER32.dll
0x00007ffe58fb0000 - 0x00007ffe58fd6000 	C:\Windows\System32\win32u.dll
0x00007ffe5a940000 - 0x00007ffe5a969000 	C:\Windows\System32\GDI32.dll
0x00007ffe58e90000 - 0x00007ffe58fa2000 	C:\Windows\System32\gdi32full.dll
0x00007ffe39960000 - 0x00007ffe39bee000 	C:\Windows\WinSxS\amd64_microsoft.windows.common-controls_6595b64144ccf1df_6.0.22621.608_none_a9444ca7c10bb01d\COMCTL32.dll
0x00007ffe59100000 - 0x00007ffe5919a000 	C:\Windows\System32\msvcp_win.dll
0x00007ffe51520000 - 0x00007ffe5152a000 	C:\Windows\SYSTEM32\VERSION.dll
0x00007ffe5a970000 - 0x00007ffe5a9a2000 	C:\Windows\System32\IMM32.DLL
0x00007ffe55830000 - 0x00007ffe5583c000 	C:\Program Files\Java\jdk-19\bin\vcruntime140_1.dll
0x00007ffe3b690000 - 0x00007ffe3b71e000 	C:\Program Files\Java\jdk-19\bin\msvcp140.dll
0x00007ffe05f90000 - 0x00007ffe06c50000 	C:\Program Files\Java\jdk-19\bin\server\jvm.dll
0x00007ffe47c70000 - 0x00007ffe47c79000 	C:\Windows\SYSTEM32\WSOCK32.dll
0x00007ffe52100000 - 0x00007ffe52134000 	C:\Windows\SYSTEM32\WINMM.dll
0x00007ffe59ed0000 - 0x00007ffe59f41000 	C:\Windows\System32\WS2_32.dll
0x00007ffe57820000 - 0x00007ffe57838000 	C:\Windows\SYSTEM32\kernel.appcore.dll
0x00007ffe47bf0000 - 0x00007ffe47bfa000 	C:\Program Files\Java\jdk-19\bin\jimage.dll
0x00007ffe468b0000 - 0x00007ffe46ade000 	C:\Windows\SYSTEM32\DBGHELP.DLL
0x00007ffe5afe0000 - 0x00007ffe5b36a000 	C:\Windows\System32\combase.dll
0x00007ffe59810000 - 0x00007ffe598e7000 	C:\Windows\System32\OLEAUT32.dll
0x00007ffe3b460000 - 0x00007ffe3b492000 	C:\Windows\SYSTEM32\dbgcore.DLL
0x00007ffe589b0000 - 0x00007ffe58a2b000 	C:\Windows\System32\bcryptPrimitives.dll
0x00007ffe45f00000 - 0x00007ffe45f26000 	C:\Program Files\Java\jdk-19\bin\java.dll

dbghelp: loaded successfully - version: 4.0.5 - missing functions: none
symbol engine: initialized successfully - sym options: 0x614 - pdb path: .;C:\Program Files\Java\jdk-19\bin;C:\Windows\SYSTEM32;C:\Windows\WinSxS\amd64_microsoft.windows.common-controls_6595b64144ccf1df_6.0.22621.608_none_a9444ca7c10bb01d;C:\Program Files\Java\jdk-19\bin\server

VM Arguments:
jvm_args: -Dfile.encoding=UTF-8 -XX:+ShowCodeDetailsInExceptionMessages 
java_command: com.masemoel.hibernate.adattema3_2explicacion.App
java_class_path (initial): C:\Users\Masemoel\eclipse-adat\adattema3_2explicacion_1to1bi\target\classes;C:\Users\Masemoel\.m2\repository\org\hibernate\orm\hibernate-core\6.2.0.CR1\hibernate-core-6.2.0.CR1.jar;C:\Users\Masemoel\.m2\repository\jakarta\persistence\jakarta.persistence-api\3.1.0\jakarta.persistence-api-3.1.0.jar;C:\Users\Masemoel\.m2\repository\jakarta\transaction\jakarta.transaction-api\2.0.0\jakarta.transaction-api-2.0.0.jar;C:\Users\Masemoel\.m2\repository\org\jboss\logging\jboss-logging\3.4.3.Final\jboss-logging-3.4.3.Final.jar;C:\Users\Masemoel\.m2\repository\org\hibernate\common\hibernate-commons-annotations\6.0.5.Final\hibernate-commons-annotations-6.0.5.Final.jar;C:\Users\Masemoel\.m2\repository\io\smallrye\jandex\3.0.3\jandex-3.0.3.jar;C:\Users\Masemoel\.m2\repository\com\fasterxml\classmate\1.5.1\classmate-1.5.1.jar;C:\Users\Masemoel\.m2\repository\net\bytebuddy\byte-buddy\1.12.18\byte-buddy-1.12.18.jar;C:\Users\Masemoel\.m2\repository\jakarta\xml\bind\jakarta.xml.bind-api\3.0.1\jakarta.xml.bind-api-3.0.1.jar;C:\Users\Masemoel\.m2\repository\com\sun\activation\jakarta.activation\2.0.1\jakarta.activation-2.0.1.jar;C:\Users\Masemoel\.m2\repository\org\glassfish\jaxb\jaxb-runtime\3.0.2\jaxb-runtime-3.0.2.jar;C:\Users\Masemoel\.m2\repository\org\glassfish\jaxb\jaxb-core\3.0.2\jaxb-core-3.0.2.jar;C:\Users\Masemoel\.m2\repository\org\glassfish\jaxb\txw2\3.0.2\txw2-3.0.2.jar;C:\Users\Masemoel\.m2\repository\com\sun\istack\istack-commons-runtime\4.0.1\istack-commons-runtime-4.0.1.jar;C:\Users\Masemoel\.m2\repository\jakarta\inject\jakarta.inject-api\2.0.0\jakarta.inject-api-2.0.0.jar;C:\Users\Masemoel\.m2\repository\org\antlr\antlr4-runtime\4.10.1\antlr4-runtime-4.10.1.jar;C:\Users\Masemoel\.m2\repository\com\mysql\mysql-connector-j\8.0.31\mysql-connector-j-8.0.31.jar;C:\Users\Masemoel\.m2\repository\com\google\protobuf\protobuf-java\3.19.4\protobuf-java-3.19.4.jar
Launcher Type: SUN_STANDARD

[Global flags]
     intx CICompilerCount                          = 12                                        {product} {ergonomic}
     uint ConcGCThreads                            = 3                                         {product} {ergonomic}
     uint G1ConcRefinementThreads                  = 13                                        {product} {ergonomic}
   size_t G1HeapRegionSize                         = 2097152                                   {product} {ergonomic}
    uintx GCDrainStackTargetSize                   = 64                                        {product} {ergonomic}
   size_t InitialHeapSize                          = 257949696                                 {product} {ergonomic}
   size_t MarkStackSize                            = 4194304                                   {product} {ergonomic}
   size_t MaxHeapSize                              = 4120903680                                {product} {ergonomic}
   size_t MinHeapDeltaBytes                        = 2097152                                   {product} {ergonomic}
   size_t MinHeapSize                              = 8388608                                   {product} {ergonomic}
    uintx NonNMethodCodeHeapSize                   = 7602480                                {pd product} {ergonomic}
    uintx NonProfiledCodeHeapSize                  = 122027880                              {pd product} {ergonomic}
    uintx ProfiledCodeHeapSize                     = 122027880                              {pd product} {ergonomic}
    uintx ReservedCodeCacheSize                    = 251658240                              {pd product} {ergonomic}
     bool SegmentedCodeCache                       = true                                      {product} {ergonomic}
     bool ShowCodeDetailsInExceptionMessages       = true                                   {manageable} {command line}
   size_t SoftMaxHeapSize                          = 4120903680                             {manageable} {ergonomic}
     bool UseCompressedClassPointers               = true                           {product lp64_product} {ergonomic}
     bool UseCompressedOops                        = true                           {product lp64_product} {ergonomic}
     bool UseG1GC                                  = true                                      {product} {ergonomic}
     bool UseLargePagesIndividualAllocation        = false                                  {pd product} {ergonomic}

Logging:
Log output configuration:
 #0: stdout all=warning uptime,level,tags foldmultilines=false
 #1: stderr all=off uptime,level,tags foldmultilines=false

Environment Variables:
PATH=C:\Program Files\Common Files\Oracle\Java\javapath;C:\Windows\system32;C:\Windows;C:\Windows\System32\Wbem;C:\Windows\System32\WindowsPowerShell\v1.0\;C:\Windows\System32\OpenSSH\;C:\Users\Masemoel\AppData\Local\Microsoft\WindowsApps;C:\Program Files (x86)\adb;C:\Program Files (x86)\NVIDIA Corporation\PhysX\Common;C:\Program Files\NVIDIA Corporation\NVIDIA NvDLISR;C:\Program Files\Git\cmd;C:\Program Files\Microsoft VS Code\bin;C:\Program Files (x86)\SQLite3;C:\Program Files\AutoFirma\AutoFirma;C:\Program Files\AutoFirmaJA\AutoFirmaJA;C:\Users\Masemoel\AppData\Local\Microsoft\WindowsApps;
USERNAME=Masemoel
OS=Windows_NT
PROCESSOR_IDENTIFIER=AMD64 Family 25 Model 80 Stepping 0, AuthenticAMD
TMP=C:\Users\Masemoel\AppData\Local\Temp
TEMP=C:\Users\Masemoel\AppData\Local\Temp



---------------  S Y S T E M  ---------------

OS:
 Windows 11 , 64 bit Build 22621 (10.0.22621.1105)
OS uptime: 0 days 4:46 hours

CPU: total 16 (initial active 16) (16 cores per cpu, 2 threads per core) family 25 model 80 stepping 0 microcode 0x0, cx8, cmov, fxsr, ht, mmx, 3dnowpref, sse, sse2, sse3, ssse3, sse4a, sse4.1, sse4.2, popcnt, lzcnt, tsc, tscinvbit, avx, avx2, aes, erms, clmul, bmi1, bmi2, adx, sha, fma, vzeroupper, clflush, clflushopt, rdtscp, rdpid, fsrm

Memory: 4k page, system-wide physical 15713M (7009M free)
TotalPageFile size 15713M (AvailPageFile size 165M)
current process WorkingSet (physical memory assigned to process): 11M, peak: 11M
current process commit charge ("private bytes"): 71M, peak: 316M

vm_info: Java HotSpot(TM) 64-Bit Server VM (19.0.1+10-21) for windows-amd64 JRE (19.0.1+10-21), built on 2022-09-14T12:45:06Z by "mach5one" with MS VC++ 17.1 (VS2022)

END.
